<?xml version="1.0" encoding="UTF-8"?>
<coverage generated="1595327841024" clover="3.2.0">
  <project timestamp="1595327841025" name="All files">
    <metrics statements="33" coveredstatements="19" conditionals="9" coveredconditionals="4" methods="3" coveredmethods="2" elements="45" coveredelements="25" complexity="0" loc="33" ncloc="33" packages="2" files="3" classes="3"/>
    <package name="config">
      <metrics statements="9" coveredstatements="4" conditionals="4" coveredconditionals="2" methods="0" coveredmethods="0"/>
      <file name="development.js" path="/home/duarte/Desktop/dev/circleci/config/development.js">
        <metrics statements="5" coveredstatements="0" conditionals="2" coveredconditionals="0" methods="0" coveredmethods="0"/>
        <line num="1" count="0" type="cond" truecount="0" falsecount="2"/>
        <line num="2" count="0" type="stmt"/>
        <line num="3" count="0" type="stmt"/>
        <line num="10" count="0" type="stmt"/>
        <line num="24" count="0" type="stmt"/>
      </file>
      <file name="test.js" path="/home/duarte/Desktop/dev/circleci/config/test.js">
        <metrics statements="4" coveredstatements="4" conditionals="2" coveredconditionals="2" methods="0" coveredmethods="0"/>
        <line num="1" count="1" type="cond" truecount="2" falsecount="0"/>
        <line num="2" count="1" type="stmt"/>
        <line num="3" count="1" type="stmt"/>
        <line num="18" count="1" type="stmt"/>
      </file>
    </package>
    <package name="src.clients">
      <metrics statements="24" coveredstatements="15" conditionals="5" coveredconditionals="2" methods="3" coveredmethods="2"/>
      <file name="sequelize-client.js" path="/home/duarte/Desktop/dev/circleci/src/clients/sequelize-client.js">
        <metrics statements="24" coveredstatements="15" conditionals="5" coveredconditionals="2" methods="3" coveredmethods="2"/>
        <line num="1" count="1" type="stmt"/>
        <line num="2" count="1" type="stmt"/>
        <line num="3" count="1" type="stmt"/>
        <line num="4" count="1" type="stmt"/>
        <line num="5" count="1" type="cond" truecount="0" falsecount="1"/>
        <line num="9" count="1" type="stmt"/>
        <line num="30" count="1" type="stmt"/>
        <line num="32" count="1" type="stmt"/>
        <line num="33" count="0" type="stmt"/>
        <line num="39" count="0" type="stmt"/>
        <line num="43" count="0" type="stmt"/>
        <line num="44" count="0" type="stmt"/>
        <line num="45" count="0" type="stmt"/>
        <line num="47" count="0" type="stmt"/>
        <line num="48" count="0" type="stmt"/>
        <line num="51" count="0" type="stmt"/>
        <line num="54" count="1" type="stmt"/>
        <line num="56" count="1" type="stmt"/>
        <line num="57" count="1" type="cond" truecount="1" falsecount="1"/>
        <line num="58" count="1" type="stmt"/>
        <line num="59" count="1" type="cond" truecount="1" falsecount="1"/>
        <line num="60" count="0" type="stmt"/>
        <line num="64" count="1" type="stmt"/>
        <line num="66" count="1" type="stmt"/>
      </file>
    </package>
  </project>
</coverage>
