{"/home/duarte/Desktop/dev/circleci/config/development.js": {"path":"/home/duarte/Desktop/dev/circleci/config/development.js","statementMap":{"0":{"start":{"line":1,"column":14},"end":{"line":1,"column":40}},"1":{"start":{"line":2,"column":12},"end":{"line":2,"column":25}},"2":{"start":{"line":3,"column":12},"end":{"line":9,"column":1}},"3":{"start":{"line":10,"column":17},"end":{"line":22,"column":1}},"4":{"start":{"line":24,"column":0},"end":{"line":24,"column":47}}},"fnMap":{},"branchMap":{"0":{"loc":{"start":{"line":1,"column":14},"end":{"line":1,"column":40}},"type":"binary-expr","locations":[{"start":{"line":1,"column":14},"end":{"line":1,"column":31}},{"start":{"line":1,"column":35},"end":{"line":1,"column":40}}],"line":1}},"s":{"0":0,"1":0,"2":0,"3":0,"4":0},"f":{},"b":{"0":[0,0]}}
,"/home/duarte/Desktop/dev/circleci/config/test.js": {"path":"/home/duarte/Desktop/dev/circleci/config/test.js","statementMap":{"0":{"start":{"line":1,"column":14},"end":{"line":1,"column":40}},"1":{"start":{"line":2,"column":12},"end":{"line":2,"column":18}},"2":{"start":{"line":3,"column":17},"end":{"line":16,"column":1}},"3":{"start":{"line":18,"column":0},"end":{"line":18,"column":42}}},"fnMap":{},"branchMap":{"0":{"loc":{"start":{"line":1,"column":14},"end":{"line":1,"column":40}},"type":"binary-expr","locations":[{"start":{"line":1,"column":14},"end":{"line":1,"column":31}},{"start":{"line":1,"column":35},"end":{"line":1,"column":40}}],"line":1}},"s":{"0":1,"1":1,"2":1,"3":1},"f":{},"b":{"0":[1,1]},"_coverageSchema":"1a1c01bbd47fc00a2c39e90264f33305004495a9","hash":"fa397d08f6c27caac67313cb08c5c0c778ea5ca3"}
,"/home/duarte/Desktop/dev/circleci/src/clients/sequelize-client.js": {"path":"/home/duarte/Desktop/dev/circleci/src/clients/sequelize-client.js","statementMap":{"0":{"start":{"line":1,"column":18},"end":{"line":1,"column":38}},"1":{"start":{"line":2,"column":10},"end":{"line":2,"column":27}},"2":{"start":{"line":3,"column":15},"end":{"line":3,"column":32}},"3":{"start":{"line":4,"column":15},"end":{"line":4,"column":32}},"4":{"start":{"line":5,"column":68},"end":{"line":7,"column":1}},"5":{"start":{"line":9,"column":18},"end":{"line":28,"column":2}},"6":{"start":{"line":30,"column":11},"end":{"line":30,"column":24}},"7":{"start":{"line":32,"column":0},"end":{"line":52,"column":2}},"8":{"start":{"line":33,"column":2},"end":{"line":38,"column":4}},"9":{"start":{"line":39,"column":22},"end":{"line":39,"column":61}},"10":{"start":{"line":43,"column":2},"end":{"line":49,"column":3}},"11":{"start":{"line":44,"column":4},"end":{"line":44,"column":35}},"12":{"start":{"line":45,"column":4},"end":{"line":45,"column":31}},"13":{"start":{"line":47,"column":4},"end":{"line":47,"column":33}},"14":{"start":{"line":48,"column":4},"end":{"line":48,"column":12}},"15":{"start":{"line":51,"column":2},"end":{"line":51,"column":16}},"16":{"start":{"line":54,"column":0},"end":{"line":68,"column":2}},"17":{"start":{"line":56,"column":4},"end":{"line":63,"column":7}},"18":{"start":{"line":57,"column":6},"end":{"line":62,"column":7}},"19":{"start":{"line":58,"column":8},"end":{"line":58,"column":30}},"20":{"start":{"line":59,"column":8},"end":{"line":61,"column":9}},"21":{"start":{"line":60,"column":10},"end":{"line":60,"column":34}},"22":{"start":{"line":64,"column":4},"end":{"line":64,"column":25}},"23":{"start":{"line":66,"column":4},"end":{"line":66,"column":14}}},"fnMap":{"0":{"name":"transaction","decl":{"start":{"line":32,"column":32},"end":{"line":32,"column":43}},"loc":{"start":{"line":32,"column":57},"end":{"line":52,"column":1}},"line":32},"1":{"name":"(anonymous_1)","decl":{"start":{"line":55,"column":8},"end":{"line":55,"column":9}},"loc":{"start":{"line":55,"column":14},"end":{"line":67,"column":3}},"line":55},"2":{"name":"(anonymous_2)","decl":{"start":{"line":56,"column":32},"end":{"line":56,"column":33}},"loc":{"start":{"line":56,"column":41},"end":{"line":63,"column":5}},"line":56}},"branchMap":{"0":{"loc":{"start":{"line":5,"column":18},"end":{"line":5,"column":35}},"type":"default-arg","locations":[{"start":{"line":5,"column":28},"end":{"line":5,"column":35}}],"line":5},"1":{"loc":{"start":{"line":57,"column":6},"end":{"line":62,"column":7}},"type":"if","locations":[{"start":{"line":57,"column":6},"end":{"line":62,"column":7}},{"start":{"line":57,"column":6},"end":{"line":62,"column":7}}],"line":57},"2":{"loc":{"start":{"line":59,"column":8},"end":{"line":61,"column":9}},"type":"if","locations":[{"start":{"line":59,"column":8},"end":{"line":61,"column":9}},{"start":{"line":59,"column":8},"end":{"line":61,"column":9}}],"line":59}},"s":{"0":1,"1":1,"2":1,"3":1,"4":1,"5":1,"6":1,"7":1,"8":0,"9":0,"10":0,"11":0,"12":0,"13":0,"14":0,"15":0,"16":1,"17":1,"18":1,"19":1,"20":1,"21":0,"22":1,"23":1},"f":{"0":0,"1":1,"2":1},"b":{"0":[0],"1":[1,0],"2":[0,1]},"_coverageSchema":"1a1c01bbd47fc00a2c39e90264f33305004495a9","hash":"4700e017590a0f6627dd051b82fea45c1be5108c"}
}
