TN:
SF:config/development.js
FNF:0
FNH:0
DA:1,0
DA:2,0
DA:3,0
DA:10,0
DA:24,0
LF:5
LH:0
BRDA:1,0,0,0
BRDA:1,0,1,0
BRF:2
BRH:0
end_of_record
TN:
SF:config/test.js
FNF:0
FNH:0
DA:1,1
DA:2,1
DA:3,1
DA:18,1
LF:4
LH:4
BRDA:1,0,0,1
BRDA:1,0,1,1
BRF:2
BRH:2
end_of_record
TN:
SF:src/clients/sequelize-client.js
FN:32,transaction
FN:55,(anonymous_1)
FN:56,(anonymous_2)
FNF:3
FNH:2
FNDA:0,transaction
FNDA:1,(anonymous_1)
FNDA:1,(anonymous_2)
DA:1,1
DA:2,1
DA:3,1
DA:4,1
DA:5,1
DA:9,1
DA:30,1
DA:32,1
DA:33,0
DA:39,0
DA:43,0
DA:44,0
DA:45,0
DA:47,0
DA:48,0
DA:51,0
DA:54,1
DA:56,1
DA:57,1
DA:58,1
DA:59,1
DA:60,0
DA:64,1
DA:66,1
LF:24
LH:15
BRDA:5,0,0,0
BRDA:57,1,0,1
BRDA:57,1,1,0
BRDA:59,2,0,0
BRDA:59,2,1,1
BRF:5
BRH:2
end_of_record
